0 info it worked if it ends with ok
1 verbose cli [ 'C:\\Program Files\\nodejs\\\\node.exe',
1 verbose cli   'C:\\Program Files\\nodejs\\node_modules\\npm\\bin\\npm-cli.js',
1 verbose cli   'install',
1 verbose cli   '-gcordova' ]
2 info using npm@1.3.24
3 info using node@v0.10.25
4 verbose node symlink C:\Program Files\nodejs\\node.exe
5 error install Couldn't read dependencies
6 error package.json ENOENT, open 'C:\Users\monkey\Dropbox\Asignaturas\0. SI\BlocklyProbatinas\hello\package.json'
6 error package.json This is most likely not a problem with npm itself.
6 error package.json npm can't find a package.json file in your current directory.
7 error System Windows_NT 6.2.9200
8 error command "C:\\Program Files\\nodejs\\\\node.exe" "C:\\Program Files\\nodejs\\node_modules\\npm\\bin\\npm-cli.js" "install" "-gcordova"
9 error cwd C:\Users\monkey\Dropbox\Asignaturas\0. SI\BlocklyProbatinas\hello
10 error node -v v0.10.25
11 error npm -v 1.3.24
12 error path C:\Users\monkey\Dropbox\Asignaturas\0. SI\BlocklyProbatinas\hello\package.json
13 error code ENOPACKAGEJSON
14 error errno 34
15 verbose exit [ 34, true ]
